#
# A fatal error has been detected by the Java Runtime Environment:
#
#  EXCEPTION_ACCESS_VIOLATION (0xc0000005) at pc=0x0000000010014ed4, pid=18420, tid=0x00000000000004f0
#
# JRE version: Java(TM) SE Runtime Environment (8.0_261-b12) (build 1.8.0_261-b12)
# Java VM: Java HotSpot(TM) 64-Bit Server VM (25.261-b12 mixed mode windows-amd64 compressed oops)
# Problematic frame:
# C  [sigar-amd64-winnt.dll+0x14ed4]
#
# Failed to write core dump. Minidumps are not enabled by default on client versions of Windows
#
# If you would like to submit a bug report, please visit:
#   http://bugreport.java.com/bugreport/crash.jsp
# The crash happened outside the Java Virtual Machine in native code.
# See problematic frame for where to report the bug.
#

---------------  T H R E A D  ---------------

Current thread (0x000002e4a2b6d800):  JavaThread "main" [_thread_in_native, id=1264, stack(0x000000e9b4100000,0x000000e9b4200000)]

siginfo: ExceptionCode=0xc0000005, reading address 0xffffffffbd7f0d88

Registers:
RAX=0xffffffffbd7f0c50, RBX=0x000002e4c39b8078, RCX=0x000002e4a2b6d9f8, RDX=0x000000e9b41fa888
RSP=0x000000e9b41fa700, RBP=0x000000e9b41fa868, RSI=0x000002e4b0293000, RDI=0x0000000000000000
R8 =0x0000000000000032, R9 =0x000000076b873890, R10=0x0000000000000074, R11=0x00000000642a6a1c
R12=0x0000000000000000, R13=0x000002e4c39b8070, R14=0x000000e9b41fa888, R15=0x000002e4a2b6d800
RIP=0x0000000010014ed4, EFLAGS=0x0000000000010286

Top of Stack: (sp=0x000000e9b41fa700)
0x000000e9b41fa700:   000002e4a2b6d9f8 000000e9b41fa888
0x000000e9b41fa710:   000002e4a2b6d800 000002e4c39b8070
0x000000e9b41fa720:   ffffffffbd7f0c50 000000e9b41fa888
0x000000e9b41fa730:   000000e9b41fa868 0000000010022078
0x000000e9b41fa740:   000002e4a2b6d9f8 000000e9b41fa888
0x000000e9b41fa750:   000002e4b0293000 0000000000000000
0x000000e9b41fa760:   000000e9b41fa868 0000000063b928eb
0x000000e9b41fa770:   000002e4c04779b0 0000000000000000
0x000000e9b41fa780:   000002e4c39b8078 000002e4a2b8a320
0x000000e9b41fa790:   000002e4c39b8078 000002e4a2b6d800
0x000000e9b41fa7a0:   000002e4c39b8078 000002e4a2b6d800
0x000000e9b41fa7b0:   0000000000000000 000002e4b0293000
0x000000e9b41fa7c0:   000002e4c39b8078 000002e4a44f9da6
0x000000e9b41fa7d0:   000002e4c39b8000 000002e4c39b8078
0x000000e9b41fa7e0:   000002e4c39b8078 000002e4c39b8078
0x000000e9b41fa7f0:   0000000000000000 000002e4a44f9f4e 

Instructions: (pc=0x0000000010014ed4)
0x0000000010014eb4:   7c 24 20 00 75 15 48 8d 15 df 58 04 00 48 8b 4c
0x0000000010014ec4:   24 40 e8 45 00 00 00 33 c0 eb 32 48 8b 44 24 20
0x0000000010014ed4:   83 b8 38 01 00 00 00 74 1f 48 8b 44 24 20 44 8b
0x0000000010014ee4:   80 38 01 00 00 48 8b 54 24 20 48 8b 4c 24 40 e8 


Register to memory mapping:

RAX=0xffffffffbd7f0c50 is an unknown value
RBX={method} {0x000002e4c39b8080} 'getCpuInfoList' '()[Lorg/hyperic/sigar/CpuInfo;' in 'org/hyperic/sigar/Sigar'
RCX=0x000002e4a2b6d9f8 is an unknown value
RDX=0x000000e9b41fa888 is pointing into the stack for thread: 0x000002e4a2b6d800
RSP=0x000000e9b41fa700 is pointing into the stack for thread: 0x000002e4a2b6d800
RBP=0x000000e9b41fa868 is pointing into the stack for thread: 0x000002e4a2b6d800
RSI=0x000002e4b0293000 is an unknown value
RDI=0x0000000000000000 is an unknown value
R8 =0x0000000000000032 is an unknown value
R9 =0x000000076b873890 is an oop
org.hyperic.sigar.Sigar 
 - klass: 'org/hyperic/sigar/Sigar'
R10=0x0000000000000074 is an unknown value
R11=0x00000000642a6a1c is an unknown value
R12=0x0000000000000000 is an unknown value
R13=0x000002e4c39b8070 is pointing into metadata
R14=0x000000e9b41fa888 is pointing into the stack for thread: 0x000002e4a2b6d800
R15=0x000002e4a2b6d800 is a thread


Stack: [0x000000e9b4100000,0x000000e9b4200000],  sp=0x000000e9b41fa700,  free space=1001k
Native frames: (J=compiled Java code, j=interpreted, Vv=VM code, C=native code)
C  [sigar-amd64-winnt.dll+0x14ed4]
C  [sigar-amd64-winnt.dll+0x22078]
C  0x000002e4a44f9f4e

Java frames: (J=compiled Java code, j=interpreted, Vv=VM code)
j  org.hyperic.sigar.Sigar.getCpuInfoList()[Lorg/hyperic/sigar/CpuInfo;+0
j  com.jeesite.common.shiro.realms.s.<clinit>()V+77
v  ~StubRoutines::call_stub
j  com.jeesite.common.shiro.realms.ma.for()V+175
j  com.jeesite.common.shiro.realms.ma.<clinit>()V+11
v  ~StubRoutines::call_stub
j  com.jeesite.common.shiro.realms.Aa.<init>(Lnet/oschina/j2cache/CacheChannel;)V+4
j  com.jeesite.autoconfigure.core.CacheAutoConfiguration.shiroCacheManager(Lnet/oschina/j2cache/CacheChannel;)Lcom/jeesite/common/shiro/realms/A;+30
j  com.jeesite.autoconfigure.core.CacheAutoConfiguration$$EnhancerBySpringCGLIB$$7e66ead2.CGLIB$shiroCacheManager$0(Lnet/oschina/j2cache/CacheChannel;)Lcom/jeesite/common/shiro/realms/A;+2
j  com.jeesite.autoconfigure.core.CacheAutoConfiguration$$EnhancerBySpringCGLIB$$7e66ead2$$FastClassBySpringCGLIB$$d7bbbfbe.invoke(ILjava/lang/Object;[Ljava/lang/Object;)Ljava/lang/Object;+156
j  org.springframework.cglib.proxy.MethodProxy.invokeSuper(Ljava/lang/Object;[Ljava/lang/Object;)Ljava/lang/Object;+19
j  org.springframework.context.annotation.ConfigurationClassEnhancer$BeanMethodInterceptor.intercept(Ljava/lang/Object;Ljava/lang/reflect/Method;[Ljava/lang/Object;Lorg/springframework/cglib/proxy/MethodProxy;)Ljava/lang/Object;+229
j  com.jeesite.autoconfigure.core.CacheAutoConfiguration$$EnhancerBySpringCGLIB$$7e66ead2.shiroCacheManager(Lnet/oschina/j2cache/CacheChannel;)Lcom/jeesite/common/shiro/realms/A;+36
v  ~StubRoutines::call_stub
J 2029  sun.reflect.NativeMethodAccessorImpl.invoke0(Ljava/lang/reflect/Method;Ljava/lang/Object;[Ljava/lang/Object;)Ljava/lang/Object; (0 bytes) @ 0x000002e4a497837f [0x000002e4a4978300+0x7f]
J 1819 C1 sun.reflect.NativeMethodAccessorImpl.invoke(Ljava/lang/Object;[Ljava/lang/Object;)Ljava/lang/Object; (104 bytes) @ 0x000002e4a48f28a4 [0x000002e4a48f24e0+0x3c4]
J 990 C1 sun.reflect.DelegatingMethodAccessorImpl.invoke(Ljava/lang/Object;[Ljava/lang/Object;)Ljava/lang/Object; (10 bytes) @ 0x000002e4a4792924 [0x000002e4a47928e0+0x44]
J 989 C1 java.lang.reflect.Method.invoke(Ljava/lang/Object;[Ljava/lang/Object;)Ljava/lang/Object; (62 bytes) @ 0x000002e4a4792524 [0x000002e4a4792420+0x104]
j  org.springframework.beans.factory.support.SimpleInstantiationStrategy.instantiate(Lorg/springframework/beans/factory/support/RootBeanDefinition;Ljava/lang/String;Lorg/springframework/beans/factory/BeanFactory;Ljava/lang/Object;Ljava/lang/reflect/Method;[Ljava/lang/Object;)Ljava/lang/Object;+50
j  org.springframework.beans.factory.support.ConstructorResolver.instantiateUsingFactoryMethod(Ljava/lang/String;Lorg/springframework/beans/factory/support/RootBeanDefinition;[Ljava/lang/Object;)Lorg/springframework/beans/BeanWrapper;+1390
j  org.springframework.beans.factory.support.AbstractAutowireCapableBeanFactory.instantiateUsingFactoryMethod(Ljava/lang/String;Lorg/springframework/beans/factory/support/RootBeanDefinition;[Ljava/lang/Object;)Lorg/springframework/beans/BeanWrapper;+11
j  org.springframework.beans.factory.support.AbstractAutowireCapableBeanFactory.createBeanInstance(Ljava/lang/String;Lorg/springframework/beans/factory/support/RootBeanDefinition;[Ljava/lang/Object;)Lorg/springframework/beans/BeanWrapper;+101
j  org.springframework.beans.factory.support.AbstractAutowireCapableBeanFactory.doCreateBean(Ljava/lang/String;Lorg/springframework/beans/factory/support/RootBeanDefinition;[Ljava/lang/Object;)Ljava/lang/Object;+34
j  org.springframework.beans.factory.support.AbstractAutowireCapableBeanFactory.createBean(Ljava/lang/String;Lorg/springframework/beans/factory/support/RootBeanDefinition;[Ljava/lang/Object;)Ljava/lang/Object;+169
j  org.springframework.beans.factory.support.AbstractBeanFactory.lambda$doGetBean$0(Ljava/lang/String;Lorg/springframework/beans/factory/support/RootBeanDefinition;[Ljava/lang/Object;)Ljava/lang/Object;+4
j  org.springframework.beans.factory.support.AbstractBeanFactory$$Lambda$142.getObject()Ljava/lang/Object;+16
j  org.springframework.beans.factory.support.DefaultSingletonBeanRegistry.getSingleton(Ljava/lang/String;Lorg/springframework/beans/factory/ObjectFactory;)Ljava/lang/Object;+132
J 2875 C1 org.springframework.beans.factory.support.AbstractBeanFactory.doGetBean(Ljava/lang/String;Ljava/lang/Class;[Ljava/lang/Object;Z)Ljava/lang/Object; (819 bytes) @ 0x000002e4a4b00584 [0x000002e4a4afffa0+0x5e4]
j  org.springframework.beans.factory.support.AbstractBeanFactory.getBean(Ljava/lang/String;)Ljava/lang/Object;+5
j  org.springframework.beans.factory.config.DependencyDescriptor.resolveCandidate(Ljava/lang/String;Ljava/lang/Class;Lorg/springframework/beans/factory/BeanFactory;)Ljava/lang/Object;+2
j  org.springframework.beans.factory.support.DefaultListableBeanFactory.doResolveDependency(Lorg/springframework/beans/factory/config/DependencyDescriptor;Ljava/lang/String;Ljava/util/Set;Lorg/springframework/beans/TypeConverter;)Ljava/lang/Object;+410
j  org.springframework.beans.factory.support.DefaultListableBeanFactory.resolveDependency(Lorg/springframework/beans/factory/config/DependencyDescriptor;Ljava/lang/String;Ljava/util/Set;Lorg/springframework/beans/TypeConverter;)Ljava/lang/Object;+106
j  org.springframework.beans.factory.support.ConstructorResolver.resolveAutowiredArgument(Lorg/springframework/core/MethodParameter;Ljava/lang/String;Ljava/util/Set;Lorg/springframework/beans/TypeConverter;)Ljava/lang/Object;+75
j  org.springframework.beans.factory.support.ConstructorResolver.createArgumentArray(Ljava/lang/String;Lorg/springframework/beans/factory/support/RootBeanDefinition;Lorg/springframework/beans/factory/config/ConstructorArgumentValues;Lorg/springframework/beans/BeanWrapper;[Ljava/lang/Class;[Ljava/lang/String;Ljava/lang/reflect/Executable;Z)Lorg/springframework/beans/factory/support/ConstructorResolver$ArgumentsHolder;+432
j  org.springframework.beans.factory.support.ConstructorResolver.instantiateUsingFactoryMethod(Ljava/lang/String;Lorg/springframework/beans/factory/support/RootBeanDefinition;[Ljava/lang/Object;)Lorg/springframework/beans/BeanWrapper;+551
j  org.springframework.beans.factory.support.AbstractAutowireCapableBeanFactory.instantiateUsingFactoryMethod(Ljava/lang/String;Lorg/springframework/beans/factory/support/RootBeanDefinition;[Ljava/lang/Object;)Lorg/springframework/beans/BeanWrapper;+11
j  org.springframework.beans.factory.support.AbstractAutowireCapableBeanFactory.createBeanInstance(Ljava/lang/String;Lorg/springframework/beans/factory/support/RootBeanDefinition;[Ljava/lang/Object;)Lorg/springframework/beans/BeanWrapper;+101
j  org.springframework.beans.factory.support.AbstractAutowireCapableBeanFactory.doCreateBean(Ljava/lang/String;Lorg/springframework/beans/factory/support/RootBeanDefinition;[Ljava/lang/Object;)Ljava/lang/Object;+34
j  org.springframework.beans.factory.support.AbstractAutowireCapableBeanFactory.createBean(Ljava/lang/String;Lorg/springframework/beans/factory/support/RootBeanDefinition;[Ljava/lang/Object;)Ljava/lang/Object;+169
j  org.springframework.beans.factory.support.AbstractBeanFactory.lambda$doGetBean$0(Ljava/lang/String;Lorg/springframework/beans/factory/support/RootBeanDefinition;[Ljava/lang/Object;)Ljava/lang/Object;+4
j  org.springframework.beans.factory.support.AbstractBeanFactory$$Lambda$142.getObject()Ljava/lang/Object;+16
j  org.springframework.beans.factory.support.DefaultSingletonBeanRegistry.getSingleton(Ljava/lang/String;Lorg/springframework/beans/factory/ObjectFactory;)Ljava/lang/Object;+132
J 2875 C1 org.springframework.beans.factory.support.AbstractBeanFactory.doGetBean(Ljava/lang/String;Ljava/lang/Class;[Ljava/lang/Object;Z)Ljava/lang/Object; (819 bytes) @ 0x000002e4a4b00584 [0x000002e4a4afffa0+0x5e4]
j  org.springframework.beans.factory.support.AbstractBeanFactory.getBean(Ljava/lang/String;)Ljava/lang/Object;+5
j  org.springframework.beans.factory.config.DependencyDescriptor.resolveCandidate(Ljava/lang/String;Ljava/lang/Class;Lorg/springframework/beans/factory/BeanFactory;)Ljava/lang/Object;+2
j  org.springframework.beans.factory.support.DefaultListableBeanFactory.doResolveDependency(Lorg/springframework/beans/factory/config/DependencyDescriptor;Ljava/lang/String;Ljava/util/Set;Lorg/springframework/beans/TypeConverter;)Ljava/lang/Object;+410
j  org.springframework.beans.factory.support.DefaultListableBeanFactory.resolveDependency(Lorg/springframework/beans/factory/config/DependencyDescriptor;Ljava/lang/String;Ljava/util/Set;Lorg/springframework/beans/TypeConverter;)Ljava/lang/Object;+106
j  org.springframework.beans.factory.support.ConstructorResolver.resolveAutowiredArgument(Lorg/springframework/core/MethodParameter;Ljava/lang/String;Ljava/util/Set;Lorg/springframework/beans/TypeConverter;)Ljava/lang/Object;+75
j  org.springframework.beans.factory.support.ConstructorResolver.createArgumentArray(Ljava/lang/String;Lorg/springframework/beans/factory/support/RootBeanDefinition;Lorg/springframework/beans/factory/config/ConstructorArgumentValues;Lorg/springframework/beans/BeanWrapper;[Ljava/lang/Class;[Ljava/lang/String;Ljava/lang/reflect/Executable;Z)Lorg/springframework/beans/factory/support/ConstructorResolver$ArgumentsHolder;+432
j  org.springframework.beans.factory.support.ConstructorResolver.instantiateUsingFactoryMethod(Ljava/lang/String;Lorg/springframework/beans/factory/support/RootBeanDefinition;[Ljava/lang/Object;)Lorg/springframework/beans/BeanWrapper;+551
j  org.springframework.beans.factory.support.AbstractAutowireCapableBeanFactory.instantiateUsingFactoryMethod(Ljava/lang/String;Lorg/springframework/beans/factory/support/RootBeanDefinition;[Ljava/lang/Object;)Lorg/springframework/beans/BeanWrapper;+11
j  org.springframework.beans.factory.support.AbstractAutowireCapableBeanFactory.createBeanInstance(Ljava/lang/String;Lorg/springframework/beans/factory/support/RootBeanDefinition;[Ljava/lang/Object;)Lorg/springframework/beans/BeanWrapper;+101
j  org.springframework.beans.factory.support.AbstractAutowireCapableBeanFactory.getSingletonFactoryBeanForTypeCheck(Ljava/lang/String;Lorg/springframework/beans/factory/support/RootBeanDefinition;)Lorg/springframework/beans/factory/FactoryBean;+116
j  org.springframework.beans.factory.support.AbstractAutowireCapableBeanFactory.getTypeForFactoryBean(Ljava/lang/String;Lorg/springframework/beans/factory/support/RootBeanDefinition;)Ljava/lang/Class;+91
J 2844 C1 org.springframework.beans.factory.support.AbstractBeanFactory.isTypeMatch(Ljava/lang/String;Lorg/springframework/core/ResolvableType;)Z (547 bytes) @ 0x000002e4a4aeb514 [0x000002e4a4aead80+0x794]
J 2848 C1 org.springframework.beans.factory.support.DefaultListableBeanFactory.doGetBeanNamesForType(Lorg/springframework/core/ResolvableType;ZZ)[Ljava/lang/String; (593 bytes) @ 0x000002e4a4af1a54 [0x000002e4a4af1360+0x6f4]
J 2325 C1 org.springframework.beans.factory.support.DefaultListableBeanFactory.getBeanNamesForType(Ljava/lang/Class;ZZ)[Ljava/lang/String; (101 bytes) @ 0x000002e4a4a00ba4 [0x000002e4a4a008c0+0x2e4]
j  org.springframework.beans.factory.BeanFactoryUtils.beanNamesForTypeIncludingAncestors(Lorg/springframework/beans/factory/ListableBeanFactory;Ljava/lang/Class;ZZ)[Ljava/lang/String;+10
j  org.springframework.beans.factory.support.DefaultListableBeanFactory.findAutowireCandidates(Ljava/lang/String;Ljava/lang/Class;Lorg/springframework/beans/factory/config/DependencyDescriptor;)Ljava/util/Map;+7
j  org.springframework.beans.factory.support.DefaultListableBeanFactory.doResolveDependency(Lorg/springframework/beans/factory/config/DependencyDescriptor;Ljava/lang/String;Ljava/util/Set;Lorg/springframework/beans/TypeConverter;)Ljava/lang/Object;+207
j  org.springframework.beans.factory.support.DefaultListableBeanFactory.resolveDependency(Lorg/springframework/beans/factory/config/DependencyDescriptor;Ljava/lang/String;Ljava/util/Set;Lorg/springframework/beans/TypeConverter;)Ljava/lang/Object;+106
j  org.springframework.beans.factory.support.ConstructorResolver.resolveAutowiredArgument(Lorg/springframework/core/MethodParameter;Ljava/lang/String;Ljava/util/Set;Lorg/springframework/beans/TypeConverter;)Ljava/lang/Object;+75
j  org.springframework.beans.factory.support.ConstructorResolver.createArgumentArray(Ljava/lang/String;Lorg/springframework/beans/factory/support/RootBeanDefinition;Lorg/springframework/beans/factory/config/ConstructorArgumentValues;Lorg/springframework/beans/BeanWrapper;[Ljava/lang/Class;[Ljava/lang/String;Ljava/lang/reflect/Executable;Z)Lorg/springframework/beans/factory/support/ConstructorResolver$ArgumentsHolder;+432
j  org.springframework.beans.factory.support.ConstructorResolver.instantiateUsingFactoryMethod(Ljava/lang/String;Lorg/springframework/beans/factory/support/RootBeanDefinition;[Ljava/lang/Object;)Lorg/springframework/beans/BeanWrapper;+551
j  org.springframework.beans.factory.support.AbstractAutowireCapableBeanFactory.instantiateUsingFactoryMethod(Ljava/lang/String;Lorg/springframework/beans/factory/support/RootBeanDefinition;[Ljava/lang/Object;)Lorg/springframework/beans/BeanWrapper;+11
j  org.springframework.beans.factory.support.AbstractAutowireCapableBeanFactory.createBeanInstance(Ljava/lang/String;Lorg/springframework/beans/factory/support/RootBeanDefinition;[Ljava/lang/Object;)Lorg/springframework/beans/BeanWrapper;+101
j  org.springframework.beans.factory.support.AbstractAutowireCapableBeanFactory.doCreateBean(Ljava/lang/String;Lorg/springframework/beans/factory/support/RootBeanDefinition;[Ljava/lang/Object;)Ljava/lang/Object;+34
j  org.springframework.beans.factory.support.AbstractAutowireCapableBeanFactory.createBean(Ljava/lang/String;Lorg/springframework/beans/factory/support/RootBeanDefinition;[Ljava/lang/Object;)Ljava/lang/Object;+169
j  org.springframework.beans.factory.support.AbstractBeanFactory.lambda$doGetBean$0(Ljava/lang/String;Lorg/springframework/beans/factory/support/RootBeanDefinition;[Ljava/lang/Object;)Ljava/lang/Object;+4
j  org.springframework.beans.factory.support.AbstractBeanFactory$$Lambda$142.getObject()Ljava/lang/Object;+16
j  org.springframework.beans.factory.support.DefaultSingletonBeanRegistry.getSingleton(Ljava/lang/String;Lorg/springframework/beans/factory/ObjectFactory;)Ljava/lang/Object;+132
J 2875 C1 org.springframework.beans.factory.support.AbstractBeanFactory.doGetBean(Ljava/lang/String;Ljava/lang/Class;[Ljava/lang/Object;Z)Ljava/lang/Object; (819 bytes) @ 0x000002e4a4b00584 [0x000002e4a4afffa0+0x5e4]
J 2863 C1 org.springframework.beans.factory.support.AbstractBeanFactory.getBean(Ljava/lang/String;Ljava/lang/Class;)Ljava/lang/Object; (9 bytes) @ 0x000002e4a4afa164 [0x000002e4a4afa120+0x44]
j  org.springframework.context.support.PostProcessorRegistrationDelegate.registerBeanPostProcessors(Lorg/springframework/beans/factory/config/ConfigurableListableBeanFactory;Lorg/springframework/context/support/AbstractApplicationContext;)V+257
j  org.springframework.context.support.AbstractApplicationContext.registerBeanPostProcessors(Lorg/springframework/beans/factory/config/ConfigurableListableBeanFactory;)V+2
j  org.springframework.context.support.AbstractApplicationContext.refresh()V+33
j  org.springframework.boot.web.servlet.context.ServletWebServerApplicationContext.refresh()V+1
j  org.springframework.boot.SpringApplication.refresh(Lorg/springframework/context/ApplicationContext;)V+10
j  org.springframework.boot.SpringApplication.refreshContext(Lorg/springframework/context/ConfigurableApplicationContext;)V+2
j  org.springframework.boot.SpringApplication.run([Ljava/lang/String;)Lorg/springframework/context/ConfigurableApplicationContext;+118
j  org.springframework.boot.SpringApplication.run([Ljava/lang/Class;[Ljava/lang/String;)Lorg/springframework/context/ConfigurableApplicationContext;+9
j  org.springframework.boot.SpringApplication.run(Ljava/lang/Class;[Ljava/lang/String;)Lorg/springframework/context/ConfigurableApplicationContext;+9
j  com.jeesite.modules.Application.main([Ljava/lang/String;)V+3
v  ~StubRoutines::call_stub

---------------  P R O C E S S  ---------------

Java Threads: ( => current thread )
  0x000002e4c25fb800 JavaThread "RMI TCP Connection(3)-192.168.1.8" daemon [_thread_in_native, id=21224, stack(0x000000e9b5a00000,0x000000e9b5b00000)]
  0x000002e4bfe5e800 JavaThread "RMI Scheduler(0)" daemon [_thread_blocked, id=18072, stack(0x000000e9b5900000,0x000000e9b5a00000)]
  0x000002e4bfc8f800 JavaThread "RMI TCP Connection(2)-192.168.1.8" daemon [_thread_in_native, id=17020, stack(0x000000e9b5800000,0x000000e9b5900000)]
  0x000002e4c0552800 JavaThread "RMI TCP Accept-0" daemon [_thread_in_native, id=18956, stack(0x000000e9b5500000,0x000000e9b5600000)]
  0x000002e4c02f5000 JavaThread "Service Thread" daemon [_thread_blocked, id=7940, stack(0x000000e9b5400000,0x000000e9b5500000)]
  0x000002e4c025a000 JavaThread "C1 CompilerThread3" daemon [_thread_blocked, id=17584, stack(0x000000e9b5300000,0x000000e9b5400000)]
  0x000002e4c0247000 JavaThread "C2 CompilerThread2" daemon [_thread_blocked, id=18996, stack(0x000000e9b5200000,0x000000e9b5300000)]
  0x000002e4c0238000 JavaThread "C2 CompilerThread1" daemon [_thread_blocked, id=12920, stack(0x000000e9b5100000,0x000000e9b5200000)]
  0x000002e4c01e3000 JavaThread "C2 CompilerThread0" daemon [_thread_blocked, id=14428, stack(0x000000e9b5000000,0x000000e9b5100000)]
  0x000002e4c022e000 JavaThread "Monitor Ctrl-Break" daemon [_thread_in_native, id=6504, stack(0x000000e9b4f00000,0x000000e9b5000000)]
  0x000002e4bd9de800 JavaThread "Attach Listener" daemon [_thread_blocked, id=19348, stack(0x000000e9b4e00000,0x000000e9b4f00000)]
  0x000002e4bf623800 JavaThread "Signal Dispatcher" daemon [_thread_blocked, id=4552, stack(0x000000e9b4d00000,0x000000e9b4e00000)]
  0x000002e4bd9b3000 JavaThread "Finalizer" daemon [_thread_blocked, id=15132, stack(0x000000e9b4c00000,0x000000e9b4d00000)]
  0x000002e4bd9a8000 JavaThread "Reference Handler" daemon [_thread_blocked, id=17644, stack(0x000000e9b4b00000,0x000000e9b4c00000)]
=>0x000002e4a2b6d800 JavaThread "main" [_thread_in_native, id=1264, stack(0x000000e9b4100000,0x000000e9b4200000)]

Other Threads:
  0x000002e4bd980800 VMThread [stack: 0x000000e9b4a00000,0x000000e9b4b00000] [id=4188]
  0x000002e4c0562000 WatcherThread [stack: 0x000000e9b5600000,0x000000e9b5700000] [id=2712]

VM state:not at safepoint (normal execution)

VM Mutex/Monitor currently owned by a thread: None

heap address: 0x00000006c1a00000, size: 4070 MB, Compressed Oops mode: Zero based, Oop shift amount: 3
Narrow klass base: 0x0000000000000000, Narrow klass shift: 3
Compressed class space size: 1073741824 Address: 0x00000007c0000000

Heap:
 PSYoungGen      total 380928K, used 6351K [0x000000076b380000, 0x0000000784080000, 0x00000007c0000000)
  eden space 360448K, 1% used [0x000000076b380000,0x000000076b9b3eb0,0x0000000781380000)
  from space 20480K, 0% used [0x0000000782b00000,0x0000000782b00000,0x0000000783f00000)
  to   space 23040K, 0% used [0x0000000781380000,0x0000000781380000,0x0000000782a00000)
 ParOldGen       total 150528K, used 25026K [0x00000006c1a00000, 0x00000006cad00000, 0x000000076b380000)
  object space 150528K, 16% used [0x00000006c1a00000,0x00000006c3270bb8,0x00000006cad00000)
 Metaspace       used 34519K, capacity 35878K, committed 36224K, reserved 1081344K
  class space    used 4611K, capacity 4897K, committed 4992K, reserved 1048576K

Card table byte_map: [0x000002e4b38a0000,0x000002e4b40a0000] byte_map_base: 0x000002e4b0293000

Marking Bits: (ParMarkBitMap*) 0x00000000642b4fb0
 Begin Bits: [0x000002e4b45f0000, 0x000002e4b8588000)
 End Bits:   [0x000002e4b8588000, 0x000002e4bc520000)

Polling page: 0x000002e4a2ad0000

CodeCache: size=245760Kb used=8106Kb max_used=8106Kb free=237653Kb
 bounds [0x000002e4a44e0000, 0x000002e4a4cd0000, 0x000002e4b34e0000]
 total_blobs=4244 nmethods=3786 adapters=370
 compilation: enabled

Compilation events (10 events):
Event: 6.285 Thread 0x000002e4c025a000 3783       1       java.lang.Integer::toHexString (6 bytes)
Event: 6.285 Thread 0x000002e4c025a000 nmethod 3783 0x000002e4a4cc9910 code [0x000002e4a4cc9a60, 0x000002e4a4cc9b70]
Event: 6.285 Thread 0x000002e4c025a000 3785       1       java.lang.Integer::formatUnsignedInt (48 bytes)
Event: 6.286 Thread 0x000002e4c025a000 nmethod 3785 0x000002e4a4cc9bd0 code [0x000002e4a4cc9d40, 0x000002e4a4cc9eb8]
Event: 6.286 Thread 0x000002e4c025a000 3784       1       java.lang.Integer::toUnsignedString0 (46 bytes)
Event: 6.286 Thread 0x000002e4c025a000 nmethod 3784 0x000002e4a4cca050 code [0x000002e4a4cca1c0, 0x000002e4a4cca440]
Event: 6.302 Thread 0x000002e4c025a000 3787       1       java.lang.StringBuilder::insert (9 bytes)
Event: 6.302 Thread 0x000002e4c025a000 nmethod 3787 0x000002e4a4cca550 code [0x000002e4a4cca6a0, 0x000002e4a4cca7f0]
Event: 6.302 Thread 0x000002e4c025a000 3786       1       org.hyperic.jni.ArchLoader::getJarName (5 bytes)
Event: 6.302 Thread 0x000002e4c025a000 nmethod 3786 0x000002e4a4cca850 code [0x000002e4a4cca9a0, 0x000002e4a4ccaab8]

GC Heap History (10 events):
Event: 3.572 GC heap before
{Heap before GC invocations=6 (full 1):
 PSYoungGen      total 141824K, used 131072K [0x000000076b380000, 0x0000000774880000, 0x00000007c0000000)
  eden space 131072K, 100% used [0x000000076b380000,0x0000000773380000,0x0000000773380000)
  from space 10752K, 0% used [0x0000000773e00000,0x0000000773e00000,0x0000000774880000)
  to   space 10752K, 0% used [0x0000000773380000,0x0000000773380000,0x0000000773e00000)
 ParOldGen       total 91136K, used 7389K [0x00000006c1a00000, 0x00000006c7300000, 0x000000076b380000)
  object space 91136K, 8% used [0x00000006c1a00000,0x00000006c2137440,0x00000006c7300000)
 Metaspace       used 24194K, capacity 25140K, committed 25216K, reserved 1071104K
  class space    used 3225K, capacity 3442K, committed 3456K, reserved 1048576K
Event: 3.581 GC heap after
Heap after GC invocations=6 (full 1):
 PSYoungGen      total 141824K, used 10727K [0x000000076b380000, 0x000000077a400000, 0x00000007c0000000)
  eden space 131072K, 0% used [0x000000076b380000,0x000000076b380000,0x0000000773380000)
  from space 10752K, 99% used [0x0000000773380000,0x0000000773df9eb8,0x0000000773e00000)
  to   space 11776K, 0% used [0x0000000779880000,0x0000000779880000,0x000000077a400000)
 ParOldGen       total 91136K, used 8451K [0x00000006c1a00000, 0x00000006c7300000, 0x000000076b380000)
  object space 91136K, 9% used [0x00000006c1a00000,0x00000006c2240d40,0x00000006c7300000)
 Metaspace       used 24194K, capacity 25140K, committed 25216K, reserved 1071104K
  class space    used 3225K, capacity 3442K, committed 3456K, reserved 1048576K
}
Event: 4.181 GC heap before
{Heap before GC invocations=7 (full 1):
 PSYoungGen      total 141824K, used 141799K [0x000000076b380000, 0x000000077a400000, 0x00000007c0000000)
  eden space 131072K, 100% used [0x000000076b380000,0x0000000773380000,0x0000000773380000)
  from space 10752K, 99% used [0x0000000773380000,0x0000000773df9eb8,0x0000000773e00000)
  to   space 11776K, 0% used [0x0000000779880000,0x0000000779880000,0x000000077a400000)
 ParOldGen       total 91136K, used 8451K [0x00000006c1a00000, 0x00000006c7300000, 0x000000076b380000)
  object space 91136K, 9% used [0x00000006c1a00000,0x00000006c2240d40,0x00000006c7300000)
 Metaspace       used 26178K, capacity 27140K, committed 27392K, reserved 1073152K
  class space    used 3487K, capacity 3714K, committed 3840K, reserved 1048576K
Event: 4.189 GC heap after
Heap after GC invocations=7 (full 1):
 PSYoungGen      total 230912K, used 11775K [0x000000076b380000, 0x000000077aa00000, 0x00000007c0000000)
  eden space 219136K, 0% used [0x000000076b380000,0x000000076b380000,0x0000000778980000)
  from space 11776K, 99% used [0x0000000779880000,0x000000077a3fff20,0x000000077a400000)
  to   space 15360K, 0% used [0x0000000778980000,0x0000000778980000,0x0000000779880000)
 ParOldGen       total 91136K, used 12770K [0x00000006c1a00000, 0x00000006c7300000, 0x000000076b380000)
  object space 91136K, 14% used [0x00000006c1a00000,0x00000006c2678bb0,0x00000006c7300000)
 Metaspace       used 26178K, capacity 27140K, committed 27392K, reserved 1073152K
  class space    used 3487K, capacity 3714K, committed 3840K, reserved 1048576K
}
Event: 5.340 GC heap before
{Heap before GC invocations=8 (full 1):
 PSYoungGen      total 230912K, used 230911K [0x000000076b380000, 0x000000077aa00000, 0x00000007c0000000)
  eden space 219136K, 100% used [0x000000076b380000,0x0000000778980000,0x0000000778980000)
  from space 11776K, 99% used [0x0000000779880000,0x000000077a3fff20,0x000000077a400000)
  to   space 15360K, 0% used [0x0000000778980000,0x0000000778980000,0x0000000779880000)
 ParOldGen       total 91136K, used 12770K [0x00000006c1a00000, 0x00000006c7300000, 0x000000076b380000)
  object space 91136K, 14% used [0x00000006c1a00000,0x00000006c2678bb0,0x00000006c7300000)
 Metaspace       used 31680K, capacity 32814K, committed 33024K, reserved 1077248K
  class space    used 4252K, capacity 4517K, committed 4608K, reserved 1048576K
Event: 5.351 GC heap after
Heap after GC invocations=8 (full 1):
 PSYoungGen      total 234496K, used 15347K [0x000000076b380000, 0x0000000783f00000, 0x00000007c0000000)
  eden space 219136K, 0% used [0x000000076b380000,0x000000076b380000,0x0000000778980000)
  from space 15360K, 99% used [0x0000000778980000,0x000000077987cdf8,0x0000000779880000)
  to   space 20480K, 0% used [0x0000000782b00000,0x0000000782b00000,0x0000000783f00000)
 ParOldGen       total 91136K, used 18038K [0x00000006c1a00000, 0x00000006c7300000, 0x000000076b380000)
  object space 91136K, 19% used [0x00000006c1a00000,0x00000006c2b9da18,0x00000006c7300000)
 Metaspace       used 31680K, capacity 32814K, committed 33024K, reserved 1077248K
  class space    used 4252K, capacity 4517K, committed 4608K, reserved 1048576K
}
Event: 6.180 GC heap before
{Heap before GC invocations=9 (full 1):
 PSYoungGen      total 234496K, used 75893K [0x000000076b380000, 0x0000000783f00000, 0x00000007c0000000)
  eden space 219136K, 27% used [0x000000076b380000,0x000000076eea0618,0x0000000778980000)
  from space 15360K, 99% used [0x0000000778980000,0x000000077987cdf8,0x0000000779880000)
  to   space 20480K, 0% used [0x0000000782b00000,0x0000000782b00000,0x0000000783f00000)
 ParOldGen       total 91136K, used 18038K [0x00000006c1a00000, 0x00000006c7300000, 0x000000076b380000)
  object space 91136K, 19% used [0x00000006c1a00000,0x00000006c2b9da18,0x00000006c7300000)
 Metaspace       used 34205K, capacity 35478K, committed 35496K, reserved 1079296K
  class space    used 4574K, capacity 4857K, committed 4864K, reserved 1048576K
Event: 6.189 GC heap after
Heap after GC invocations=9 (full 1):
 PSYoungGen      total 380928K, used 19364K [0x000000076b380000, 0x0000000784080000, 0x00000007c0000000)
  eden space 360448K, 0% used [0x000000076b380000,0x000000076b380000,0x0000000781380000)
  from space 20480K, 94% used [0x0000000782b00000,0x0000000783de9168,0x0000000783f00000)
  to   space 23040K, 0% used [0x0000000781380000,0x0000000781380000,0x0000000782a00000)
 ParOldGen       total 91136K, used 18046K [0x00000006c1a00000, 0x00000006c7300000, 0x000000076b380000)
  object space 91136K, 19% used [0x00000006c1a00000,0x00000006c2b9fa18,0x00000006c7300000)
 Metaspace       used 34205K, capacity 35478K, committed 35496K, reserved 1079296K
  class space    used 4574K, capacity 4857K, committed 4864K, reserved 1048576K
}
Event: 6.189 GC heap before
{Heap before GC invocations=10 (full 2):
 PSYoungGen      total 380928K, used 19364K [0x000000076b380000, 0x0000000784080000, 0x00000007c0000000)
  eden space 360448K, 0% used [0x000000076b380000,0x000000076b380000,0x0000000781380000)
  from space 20480K, 94% used [0x0000000782b00000,0x0000000783de9168,0x0000000783f00000)
  to   space 23040K, 0% used [0x0000000781380000,0x0000000781380000,0x0000000782a00000)
 ParOldGen       total 91136K, used 18046K [0x00000006c1a00000, 0x00000006c7300000, 0x000000076b380000)
  object space 91136K, 19% used [0x00000006c1a00000,0x00000006c2b9fa18,0x00000006c7300000)
 Metaspace       used 34205K, capacity 35478K, committed 35496K, reserved 1079296K
  class space    used 4574K, capacity 4857K, committed 4864K, reserved 1048576K
Event: 6.238 GC heap after
Heap after GC invocations=10 (full 2):
 PSYoungGen      total 380928K, used 0K [0x000000076b380000, 0x0000000784080000, 0x00000007c0000000)
  eden space 360448K, 0% used [0x000000076b380000,0x000000076b380000,0x0000000781380000)
  from space 20480K, 0% used [0x0000000782b00000,0x0000000782b00000,0x0000000783f00000)
  to   space 23040K, 0% used [0x0000000781380000,0x0000000781380000,0x0000000782a00000)
 ParOldGen       total 150528K, used 25026K [0x00000006c1a00000, 0x00000006cad00000, 0x000000076b380000)
  object space 150528K, 16% used [0x00000006c1a00000,0x00000006c3270bb8,0x00000006cad00000)
 Metaspace       used 34205K, capacity 35478K, committed 35496K, reserved 1079296K
  class space    used 4574K, capacity 4857K, committed 4864K, reserved 1048576K
}

Deoptimization events (0 events):
No events

Classes redefined (0 events):
No events

Internal exceptions (10 events):
Event: 5.593 Thread 0x000002e4a2b6d800 Exception <a 'java/lang/ArrayIndexOutOfBoundsException'> (0x000000076e05b8d8) thrown at [C:\jenkins\workspace\8-2-build-windows-amd64-cygwin\jdk8u261\295\hotspot\src\share\vm\runtime\sharedRuntime.cpp, line 605]
Event: 5.593 Thread 0x000002e4a2b6d800 Exception <a 'java/lang/ArrayIndexOutOfBoundsException'> (0x000000076e05eee8) thrown at [C:\jenkins\workspace\8-2-build-windows-amd64-cygwin\jdk8u261\295\hotspot\src\share\vm\runtime\sharedRuntime.cpp, line 605]
Event: 5.593 Thread 0x000002e4a2b6d800 Exception <a 'java/lang/ArrayIndexOutOfBoundsException'> (0x000000076e062718) thrown at [C:\jenkins\workspace\8-2-build-windows-amd64-cygwin\jdk8u261\295\hotspot\src\share\vm\runtime\sharedRuntime.cpp, line 605]
Event: 5.593 Thread 0x000002e4a2b6d800 Exception <a 'java/lang/ArrayIndexOutOfBoundsException'> (0x000000076e064738) thrown at [C:\jenkins\workspace\8-2-build-windows-amd64-cygwin\jdk8u261\295\hotspot\src\share\vm\runtime\sharedRuntime.cpp, line 605]
Event: 5.593 Thread 0x000002e4a2b6d800 Exception <a 'java/lang/ArrayIndexOutOfBoundsException'> (0x000000076e0668d8) thrown at [C:\jenkins\workspace\8-2-build-windows-amd64-cygwin\jdk8u261\295\hotspot\src\share\vm\runtime\sharedRuntime.cpp, line 605]
Event: 5.593 Thread 0x000002e4a2b6d800 Exception <a 'java/lang/ArrayIndexOutOfBoundsException'> (0x000000076e068ce0) thrown at [C:\jenkins\workspace\8-2-build-windows-amd64-cygwin\jdk8u261\295\hotspot\src\share\vm\runtime\sharedRuntime.cpp, line 605]
Event: 5.593 Thread 0x000002e4a2b6d800 Exception <a 'java/lang/ArrayIndexOutOfBoundsException'> (0x000000076e06b028) thrown at [C:\jenkins\workspace\8-2-build-windows-amd64-cygwin\jdk8u261\295\hotspot\src\share\vm\runtime\sharedRuntime.cpp, line 605]
Event: 5.593 Thread 0x000002e4a2b6d800 Exception <a 'java/lang/ArrayIndexOutOfBoundsException'> (0x000000076e06fa38) thrown at [C:\jenkins\workspace\8-2-build-windows-amd64-cygwin\jdk8u261\295\hotspot\src\share\vm\runtime\sharedRuntime.cpp, line 605]
Event: 5.594 Thread 0x000002e4a2b6d800 Exception <a 'java/lang/ClassNotFoundException': net/oschina/j2cache/J2CacheBuilder$1Customizer> (0x000000076e0bebb0) thrown at [C:\jenkins\workspace\8-2-build-windows-amd64-cygwin\jdk8u261\295\hotspot\src\share\vm\classfile\systemDictionary.cpp, line 210
Event: 5.870 Thread 0x000002e4c25fb800 Exception <a 'java/lang/reflect/InvocationTargetException'> (0x000000076b75c908) thrown at [C:\jenkins\workspace\8-2-build-windows-amd64-cygwin\jdk8u261\295\hotspot\src\share\vm\runtime\reflection.cpp, line 1092]

Events (10 events):
Event: 6.305 loading class org/hyperic/jni/ArchNotSupportedException
Event: 6.305 loading class org/hyperic/jni/ArchNotSupportedException done
Event: 6.306 loading class org/hyperic/jni/ArchLoaderException
Event: 6.306 loading class org/hyperic/jni/ArchLoaderException done
Event: 6.306 loading class org/hyperic/sigar/SigarException
Event: 6.306 loading class org/hyperic/sigar/SigarException done
Event: 6.306 loading class org/hyperic/sigar/SigarLog
Event: 6.306 loading class org/hyperic/sigar/SigarLog done
Event: 6.307 loading class org/hyperic/sigar/CpuInfo
Event: 6.307 loading class org/hyperic/sigar/CpuInfo done


Dynamic libraries:
0x00007ff69b180000 - 0x00007ff69b1c7000 	C:\Program Files\Java\jdk1.8.0_261\bin\java.exe
0x00007ffcae220000 - 0x00007ffcae410000 	C:\WINDOWS\SYSTEM32\ntdll.dll
0x00007ffcae050000 - 0x00007ffcae102000 	C:\WINDOWS\System32\KERNEL32.DLL
0x00007ffcabfa0000 - 0x00007ffcac244000 	C:\WINDOWS\System32\KERNELBASE.dll
0x00007ffcac770000 - 0x00007ffcac813000 	C:\WINDOWS\System32\ADVAPI32.dll
0x00007ffcaca80000 - 0x00007ffcacb1e000 	C:\WINDOWS\System32\msvcrt.dll
0x00007ffcadee0000 - 0x00007ffcadf77000 	C:\WINDOWS\System32\sechost.dll
0x00007ffcac900000 - 0x00007ffcaca20000 	C:\WINDOWS\System32\RPCRT4.dll
0x00007ffcad400000 - 0x00007ffcad594000 	C:\WINDOWS\System32\USER32.dll
0x00007ffcabf10000 - 0x00007ffcabf31000 	C:\WINDOWS\System32\win32u.dll
0x00007ffcac630000 - 0x00007ffcac656000 	C:\WINDOWS\System32\GDI32.dll
0x00007ffcabd70000 - 0x00007ffcabf06000 	C:\WINDOWS\System32\gdi32full.dll
0x00007ffcab1a0000 - 0x00007ffcab23e000 	C:\WINDOWS\System32\msvcp_win.dll
0x00007ffcabc70000 - 0x00007ffcabd6a000 	C:\WINDOWS\System32\ucrtbase.dll
0x00007ffc9f260000 - 0x00007ffc9f4e4000 	C:\WINDOWS\WinSxS\amd64_microsoft.windows.common-controls_6595b64144ccf1df_6.0.18362.959_none_e6c7bbbf130c62bb\COMCTL32.dll
0x00007ffcada40000 - 0x00007ffcadd75000 	C:\WINDOWS\System32\combase.dll
0x00007ffcac250000 - 0x00007ffcac2d0000 	C:\WINDOWS\System32\bcryptPrimitives.dll
0x00007ffcada10000 - 0x00007ffcada3e000 	C:\WINDOWS\System32\IMM32.DLL
0x00007ffca7060000 - 0x00007ffca7075000 	C:\Program Files\Java\jdk1.8.0_261\jre\bin\vcruntime140.dll
0x00007ffc9c790000 - 0x00007ffc9c82b000 	C:\Program Files\Java\jdk1.8.0_261\jre\bin\msvcp140.dll
0x0000000063ac0000 - 0x000000006432c000 	C:\Program Files\Java\jdk1.8.0_261\jre\bin\server\jvm.dll
0x00007ffcad3f0000 - 0x00007ffcad3f8000 	C:\WINDOWS\System32\PSAPI.DLL
0x00007ffca5e30000 - 0x00007ffca5e39000 	C:\WINDOWS\SYSTEM32\WSOCK32.dll
0x00007ffca8ff0000 - 0x00007ffca9014000 	C:\WINDOWS\SYSTEM32\WINMM.dll
0x00007ffca75f0000 - 0x00007ffca75fa000 	C:\WINDOWS\SYSTEM32\VERSION.dll
0x00007ffcad380000 - 0x00007ffcad3ef000 	C:\WINDOWS\System32\WS2_32.dll
0x00007ffca8b70000 - 0x00007ffca8b9d000 	C:\WINDOWS\SYSTEM32\winmmbase.dll
0x00007ffcaba20000 - 0x00007ffcaba6a000 	C:\WINDOWS\System32\cfgmgr32.dll
0x00007ffcab0e0000 - 0x00007ffcab0f1000 	C:\WINDOWS\System32\kernel.appcore.dll
0x00007ffca7050000 - 0x00007ffca7060000 	C:\Program Files\Java\jdk1.8.0_261\jre\bin\verify.dll
0x00007ffc9f590000 - 0x00007ffc9f5bb000 	C:\Program Files\Java\jdk1.8.0_261\jre\bin\java.dll
0x00007ffc83230000 - 0x00007ffc83262000 	C:\Program Files\Java\jdk1.8.0_261\jre\bin\instrument.dll
0x00007ffc9c770000 - 0x00007ffc9c788000 	C:\Program Files\Java\jdk1.8.0_261\jre\bin\zip.dll
0x00007ffcacbd0000 - 0x00007ffcad2b6000 	C:\WINDOWS\System32\SHELL32.dll
0x00007ffcad2c0000 - 0x00007ffcad369000 	C:\WINDOWS\System32\shcore.dll
0x00007ffcab260000 - 0x00007ffcab9e2000 	C:\WINDOWS\System32\windows.storage.dll
0x00007ffcab150000 - 0x00007ffcab173000 	C:\WINDOWS\System32\profapi.dll
0x00007ffcab100000 - 0x00007ffcab14a000 	C:\WINDOWS\System32\powrprof.dll
0x00007ffcab0d0000 - 0x00007ffcab0e0000 	C:\WINDOWS\System32\UMPDC.dll
0x00007ffcac710000 - 0x00007ffcac762000 	C:\WINDOWS\System32\shlwapi.dll
0x00007ffcab240000 - 0x00007ffcab257000 	C:\WINDOWS\System32\cryptsp.dll
0x00007ffc7ff00000 - 0x00007ffc7ff1a000 	C:\Program Files\JetBrains\IntelliJ IDEA 2020.1.3\bin\breakgen64.dll
0x00007ffc9c750000 - 0x00007ffc9c76c000 	C:\Program Files\Java\jdk1.8.0_261\jre\bin\net.dll
0x00007ffcaa890000 - 0x00007ffcaa8f7000 	C:\WINDOWS\system32\mswsock.dll
0x00007ffc8f1b0000 - 0x00007ffc8f2bd000 	C:\WINDOWS\SysWOW64\ierd_tgp_lsp64.dll
0x00007ffcadd80000 - 0x00007ffcaded7000 	C:\WINDOWS\System32\ole32.dll
0x00007ffc99640000 - 0x00007ffc9964a000 	C:\WINDOWS\system32\wshqos.dll
0x00007ffc99630000 - 0x00007ffc99638000 	C:\WINDOWS\SYSTEM32\wshtcpip.DLL
0x00007ffc99620000 - 0x00007ffc99628000 	C:\WINDOWS\SYSTEM32\wship6.dll
0x00007ffcaa5f0000 - 0x00007ffcaa6bb000 	C:\WINDOWS\SYSTEM32\DNSAPI.dll
0x00007ffcac660000 - 0x00007ffcac668000 	C:\WINDOWS\System32\NSI.dll
0x00007ffcaa5b0000 - 0x00007ffcaa5ea000 	C:\WINDOWS\SYSTEM32\IPHLPAPI.DLL
0x00007ffc97720000 - 0x00007ffc9772a000 	C:\Windows\System32\rasadhlp.dll
0x00007ffc9b2f0000 - 0x00007ffc9b367000 	C:\WINDOWS\System32\fwpuclnt.dll
0x00007ffcab9f0000 - 0x00007ffcaba16000 	C:\WINDOWS\System32\bcrypt.dll
0x00007ffca7040000 - 0x00007ffca704d000 	C:\Program Files\Java\jdk1.8.0_261\jre\bin\management.dll
0x00007ffc7fee0000 - 0x00007ffc7fef3000 	C:\Program Files\Java\jdk1.8.0_261\jre\bin\nio.dll
0x00007ffcaa410000 - 0x00007ffcaa443000 	C:\WINDOWS\system32\rsaenh.dll
0x00007ffcaaff0000 - 0x00007ffcab015000 	C:\WINDOWS\SYSTEM32\USERENV.dll
0x00007ffcaaa10000 - 0x00007ffcaaa1c000 	C:\WINDOWS\SYSTEM32\CRYPTBASE.dll
0x00007ffc9b2d0000 - 0x00007ffc9b2e6000 	C:\WINDOWS\SYSTEM32\dhcpcsvc6.DLL
0x00007ffc9b2b0000 - 0x00007ffc9b2cc000 	C:\WINDOWS\SYSTEM32\dhcpcsvc.DLL
0x00007ffc892a0000 - 0x00007ffc892b6000 	C:\WINDOWS\system32\napinsp.dll
0x00007ffc87620000 - 0x00007ffc8763a000 	C:\WINDOWS\system32\pnrpnsp.dll
0x00007ffc87610000 - 0x00007ffc8761e000 	C:\WINDOWS\System32\winrnr.dll
0x00007ffca77d0000 - 0x00007ffca77ec000 	C:\WINDOWS\system32\NLAapi.dll
0x00007ffc875d0000 - 0x00007ffc875e5000 	C:\WINDOWS\system32\wshbth.dll
0x00007ffc7db20000 - 0x00007ffc7db44000 	C:\Program Files\Java\jdk1.8.0_261\jre\bin\sunec.dll
0x0000000010000000 - 0x0000000010070000 	C:\Users\DELL\.sigarlib\mh3kkv9t\sigar-amd64-winnt.dll
0x00007ffcae110000 - 0x00007ffcae1d5000 	C:\WINDOWS\System32\OLEAUT32.dll
0x00007ffca6e80000 - 0x00007ffca6ec8000 	C:\WINDOWS\SYSTEM32\pdh.dll
0x00007ffc90cc0000 - 0x00007ffc90cd7000 	C:\WINDOWS\SYSTEM32\NETAPI32.dll
0x00007ffcaa6c0000 - 0x00007ffcaa6cc000 	C:\WINDOWS\SYSTEM32\NETUTILS.DLL
0x00007ffc986a0000 - 0x00007ffc986c6000 	C:\WINDOWS\SYSTEM32\SRVCLI.DLL
0x00007ffc96da0000 - 0x00007ffc96f94000 	C:\WINDOWS\SYSTEM32\dbghelp.dll

VM Arguments:
jvm_args: -XX:TieredStopAtLevel=1 -Xverify:none -Dspring.output.ansi.enabled=always -Dcom.sun.management.jmxremote -Dspring.jmx.enabled=true -Dspring.liveBeansView.mbeanDomain -Dspring.application.admin.enabled=true -javaagent:C:\Program Files\JetBrains\IntelliJ IDEA 2020.1.3\lib\idea_rt.jar=63678:C:\Program Files\JetBrains\IntelliJ IDEA 2020.1.3\bin -Dfile.encoding=GBK 
java_command: com.jeesite.modules.Application
java_class_path (initial): C:\Program Files\Java\jdk1.8.0_261\jre\lib\charsets.jar;C:\Program Files\Java\jdk1.8.0_261\jre\lib\deploy.jar;C:\Program Files\Java\jdk1.8.0_261\jre\lib\ext\access-bridge-64.jar;C:\Program Files\Java\jdk1.8.0_261\jre\lib\ext\cldrdata.jar;C:\Program Files\Java\jdk1.8.0_261\jre\lib\ext\dnsns.jar;C:\Program Files\Java\jdk1.8.0_261\jre\lib\ext\jaccess.jar;C:\Program Files\Java\jdk1.8.0_261\jre\lib\ext\jfxrt.jar;C:\Program Files\Java\jdk1.8.0_261\jre\lib\ext\localedata.jar;C:\Program Files\Java\jdk1.8.0_261\jre\lib\ext\nashorn.jar;C:\Program Files\Java\jdk1.8.0_261\jre\lib\ext\sunec.jar;C:\Program Files\Java\jdk1.8.0_261\jre\lib\ext\sunjce_provider.jar;C:\Program Files\Java\jdk1.8.0_261\jre\lib\ext\sunmscapi.jar;C:\Program Files\Java\jdk1.8.0_261\jre\lib\ext\sunpkcs11.jar;C:\Program Files\Java\jdk1.8.0_261\jre\lib\ext\zipfs.jar;C:\Program Files\Java\jdk1.8.0_261\jre\lib\javaws.jar;C:\Program Files\Java\jdk1.8.0_261\jre\lib\jce.jar;C:\Program Files\Java\jdk1.8.0_261\jre\lib\jfr.jar;C:\Program Files\Java\jdk1.8.0_261\jre\lib\jfxswt.jar;C:\Program Files\Java\jdk1.8.0_261\jre\lib\jsse.jar;C:\Program Files\Java\jdk1.8.0_261\jre\lib\management-agent.jar;C:\Program Files\Java\jdk1.8.0_261\jre\lib\plugin.jar;C:\Program Files\Java\jdk1.8.0_261\jre\lib\resources.jar;C:\Program Files\Java\jdk1.8.0_261\jre\lib\rt.jar;D:\workspace\IdeaProjects\DMZJSJ\DMZJSJ\DMZJSJ_Code\web\src\main\webapp\WEB-INF\classes;D:\workspace\IdeaProjects\DMZJSJ\DMZJSJ\DMZJSJ_Code\modules\core\target\classes;D:\MAVEN\repository\com\oracle\ojdbc6\11.2.0.3\ojdbc6-11.2.0.3.jar;D:\MAVEN\repository\mysql\mysql-connector-java\5.1.47\mysql-connector-java-5.1.47.jar;D:\MAVEN\repository\net\sourceforge\jtds\jtds\1.3.1\jtds-1.3.1.jar;D:\MAVEN\repository\org\postgresql\postgresql\42.2.5\postgresql-42.2.5.jar;D:\workspace\IdeaProjects\DMZJSJ\DMZJSJ\DMZJSJ_Code\common\target\classes;D:\MAVEN\repository\commons-beanutils\commons-beanutils\1.9.3\commons-beanutils-1.9.3.jar;D:\MAVEN\repository\co
Launcher Type: SUN_STANDARD

Environment Variables:
JAVA_HOME=C:\Program Files\Java\jdk1.8.0_261
CLASSPATH=.;C:\Program Files\Java\jdk1.8.0_261\lib;C:\Program Files\Java\jdk1.8.0_261\lib\dt.jar;C:\Program Files\Java\jdk1.8.0_261\lib\tools.jar
PATH=C:\WINDOWS\system32;C:\WINDOWS;C:\WINDOWS\System32\Wbem;C:\WINDOWS\System32\WindowsPowerShell\v1.0\;C:\Program Files\Common Files\Autodesk Shared\;C:\WINDOWS\System32\OpenSSH\;C:\Program Files (x86)\Autodesk\Backburner\;C:\Program Files\Java\jdk1.8.0_261\bin;C:\Program Files\Java\jdk1.8.0_261\jre\bin;D:\Program Files\TortoiseSVN\bin;D:\Program Files\TortoiseSVN\bin;C:\Program Files\Docker\Docker\resources\bin;C:\ProgramData\DockerDesktop\version-bin;D:\0Plugins\Mavens\apache-maven-3.6.3\bin;D:\0Plugins\Git\cmd;C:\Program Files\MySQL\MySQL Server 8.0\bin;C:\Users\DELL\AppData\Local\Microsoft\WindowsApps;;D:\0SoftWare\JetBrains\IntelliJ IDEA 2020.1.3\bin;
USERNAME=DELL
OS=Windows_NT
PROCESSOR_IDENTIFIER=Intel64 Family 6 Model 158 Stepping 9, GenuineIntel



---------------  S Y S T E M  ---------------

OS: Windows 10.0 , 64 bit Build 18362 (10.0.18362.959)

CPU:total 8 (initial active 8) (4 cores per cpu, 2 threads per core) family 6 model 158 stepping 9, cmov, cx8, fxsr, mmx, sse, sse2, sse3, ssse3, sse4.1, sse4.2, popcnt, avx, avx2, aes, clmul, erms, rtm, 3dnowpref, lzcnt, ht, tsc, tscinvbit, bmi1, bmi2, adx

Memory: 4k page, physical 16666572k(10347084k free), swap 17715148k(9583644k free)

vm_info: Java HotSpot(TM) 64-Bit Server VM (25.261-b12) for windows-amd64 JRE (1.8.0_261-b12), built on Jun 18 2020 06:56:32 by "" with unknown MS VC++:1916

time: Tue Aug  4 09:56:51 2020
timezone: ?D1ú±ê×?ê±??
elapsed time: 6 seconds (0d 0h 0m 6s)

